  StdAfx.cpp
F:\Easy_Jtag_Manager\CrashRPT64\thirdparty\wtl\atlapp.h(503): warning C4996: 'GetVersionExW': was declared deprecated
  C:\Program Files (x86)\Windows Kits\8.1\Include\um\sysinfoapi.h(442): note: see declaration of 'GetVersionExW'
F:\Easy_Jtag_Manager\CrashRPT64\thirdparty\wtl\atlapp.h(612): warning C4996: 'GetVersionExW': was declared deprecated
  C:\Program Files (x86)\Windows Kits\8.1\Include\um\sysinfoapi.h(442): note: see declaration of 'GetVersionExW'
F:\Easy_Jtag_Manager\CrashRPT64\thirdparty\wtl\atlapp.h(647): warning C4996: 'GetVersionExW': was declared deprecated
  C:\Program Files (x86)\Windows Kits\8.1\Include\um\sysinfoapi.h(442): note: see declaration of 'GetVersionExW'
f:\easy_jtag_manager\crashrpt64\thirdparty\wtl\atluser.h(1318): warning C4302: 'type cast': truncation from 'LPCTSTR' to 'WORD'
f:\easy_jtag_manager\crashrpt64\thirdparty\wtl\atluser.h(1328): warning C4302: 'type cast': truncation from 'LPCTSTR' to 'WORD'
f:\easy_jtag_manager\crashrpt64\thirdparty\wtl\atlgdi.h(469): warning C4838: conversion from 'int' to 'UINT' requires a narrowing conversion
f:\easy_jtag_manager\crashrpt64\thirdparty\wtl\atlgdi.h(476): warning C4838: conversion from 'int' to 'UINT' requires a narrowing conversion
f:\easy_jtag_manager\crashrpt64\thirdparty\wtl\atlgdi.h(483): warning C4838: conversion from 'int' to 'UINT' requires a narrowing conversion
f:\easy_jtag_manager\crashrpt64\thirdparty\wtl\atlgdi.h(490): warning C4838: conversion from 'int' to 'UINT' requires a narrowing conversion
f:\easy_jtag_manager\crashrpt64\thirdparty\wtl\atlgdi.h(3682): warning C4838: conversion from 'LONG' to 'DWORD' requires a narrowing conversion
F:\Easy_Jtag_Manager\CrashRPT64\thirdparty\wtl\atlmisc.h(1523): warning C4457: declaration of 'pstr' hides function parameter
  F:\Easy_Jtag_Manager\CrashRPT64\thirdparty\wtl\atlmisc.h(1506): note: see declaration of 'pstr'
C:\Program Files (x86)\Windows Kits\8.1\Include\um\dbghelp.h(1544): warning C4091: 'typedef ': ignored on left of '' when no variable is declared
C:\Program Files (x86)\Windows Kits\8.1\Include\um\dbghelp.h(3190): warning C4091: 'typedef ': ignored on left of '' when no variable is declared
  CrashHandler.cpp
  CrashRpt.cpp
  SharedMem.cpp
  Utility.cpp
CrashHandler.cpp(476): warning C4457: declaration of 'dwFlags' hides function parameter
  CrashHandler.cpp(89): note: see declaration of 'dwFlags'
f:\easy_jtag_manager\crashrpt64\reporting\crashrpt\utility.cpp(224): warning C4702: unreachable code
f:\easy_jtag_manager\crashrpt64\reporting\crashrpt\utility.cpp(228): warning C4702: unreachable code
f:\easy_jtag_manager\crashrpt64\reporting\crashrpt\utility.cpp(232): warning C4702: unreachable code
f:\easy_jtag_manager\crashrpt64\reporting\crashrpt\utility.cpp(236): warning C4702: unreachable code
f:\easy_jtag_manager\crashrpt64\reporting\crashrpt\utility.cpp(240): warning C4702: unreachable code
f:\easy_jtag_manager\crashrpt64\reporting\crashrpt\crashrpt.cpp(782): warning C4702: unreachable code
     Creating library F:\Easy_Jtag_Manager\CrashRPT64\lib\x64\CrashRpt1403d.lib and object F:\Easy_Jtag_Manager\CrashRPT64\lib\x64\CrashRpt1403d.exp
  CrashRpt_vs2010.vcxproj -> F:\Easy_Jtag_Manager\CrashRPT64\bin\x64\CrashRpt1403d.dll
  CrashRpt_vs2010.vcxproj -> F:\Easy_Jtag_Manager\CrashRPT64\bin\x64\CrashRpt1403d.pdb (Full PDB)
c:\program files (x86)\windows kits\8.1\include\um\mshtml.h(37492): warning BK4504: file contains too many references; ignoring further references from this source
