  stdafx.cpp
f:\Easy_Jtag_Manager\CrashRPT64\thirdparty\wtl\atlapp.h(503): warning C4996: 'GetVersionExW': was declared deprecated
  C:\Program Files (x86)\Windows Kits\8.1\Include\um\sysinfoapi.h(442): note: see declaration of 'GetVersionExW'
f:\Easy_Jtag_Manager\CrashRPT64\thirdparty\wtl\atlapp.h(612): warning C4996: 'GetVersionExW': was declared deprecated
  C:\Program Files (x86)\Windows Kits\8.1\Include\um\sysinfoapi.h(442): note: see declaration of 'GetVersionExW'
f:\Easy_Jtag_Manager\CrashRPT64\thirdparty\wtl\atlapp.h(647): warning C4996: 'GetVersionExW': was declared deprecated
  C:\Program Files (x86)\Windows Kits\8.1\Include\um\sysinfoapi.h(442): note: see declaration of 'GetVersionExW'
f:\easy_jtag_manager\crashrpt64\thirdparty\wtl\atluser.h(1318): warning C4302: 'type cast': truncation from 'LPCTSTR' to 'WORD'
f:\easy_jtag_manager\crashrpt64\thirdparty\wtl\atluser.h(1328): warning C4302: 'type cast': truncation from 'LPCTSTR' to 'WORD'
f:\easy_jtag_manager\crashrpt64\thirdparty\wtl\atlgdi.h(469): warning C4838: conversion from 'int' to 'UINT' requires a narrowing conversion
f:\easy_jtag_manager\crashrpt64\thirdparty\wtl\atlgdi.h(476): warning C4838: conversion from 'int' to 'UINT' requires a narrowing conversion
f:\easy_jtag_manager\crashrpt64\thirdparty\wtl\atlgdi.h(483): warning C4838: conversion from 'int' to 'UINT' requires a narrowing conversion
f:\easy_jtag_manager\crashrpt64\thirdparty\wtl\atlgdi.h(490): warning C4838: conversion from 'int' to 'UINT' requires a narrowing conversion
f:\easy_jtag_manager\crashrpt64\thirdparty\wtl\atlgdi.h(3682): warning C4838: conversion from 'LONG' to 'DWORD' requires a narrowing conversion
f:\Easy_Jtag_Manager\CrashRPT64\thirdparty\wtl\atldlgs.h(3208): warning C4302: 'type cast': truncation from 'LPCTSTR' to 'WORD'
f:\Easy_Jtag_Manager\CrashRPT64\thirdparty\wtl\atldlgs.h(3230): warning C4302: 'type cast': truncation from 'LPCTSTR' to 'WORD'
f:\Easy_Jtag_Manager\CrashRPT64\thirdparty\wtl\atldlgs.h(3291): warning C4302: 'type cast': truncation from 'LPCTSTR' to 'WORD'
f:\Easy_Jtag_Manager\CrashRPT64\thirdparty\wtl\atldlgs.h(3306): warning C4302: 'type cast': truncation from 'LPCTSTR' to 'WORD'
f:\Easy_Jtag_Manager\CrashRPT64\thirdparty\wtl\atlmisc.h(1523): warning C4457: declaration of 'pstr' hides function parameter
  f:\Easy_Jtag_Manager\CrashRPT64\thirdparty\wtl\atlmisc.h(1506): note: see declaration of 'pstr'
  CrashThread.cpp
  MainDlg.cpp
  WTLDemo.cpp
C:\Program Files (x86)\Windows Kits\8.1\Include\um\dbghelp.h(1544): warning C4091: 'typedef ': ignored on left of '' when no variable is declared (compiling source file CrashThread.cpp)
C:\Program Files (x86)\Windows Kits\8.1\Include\um\dbghelp.h(3190): warning C4091: 'typedef ': ignored on left of '' when no variable is declared (compiling source file CrashThread.cpp)
C:\Program Files (x86)\Windows Kits\8.1\Include\um\dbghelp.h(1544): warning C4091: 'typedef ': ignored on left of '' when no variable is declared (compiling source file WTLDemo.cpp)
C:\Program Files (x86)\Windows Kits\8.1\Include\um\dbghelp.h(3190): warning C4091: 'typedef ': ignored on left of '' when no variable is declared (compiling source file WTLDemo.cpp)
C:\Program Files (x86)\Windows Kits\8.1\Include\um\dbghelp.h(1544): warning C4091: 'typedef ': ignored on left of '' when no variable is declared (compiling source file MainDlg.cpp)
C:\Program Files (x86)\Windows Kits\8.1\Include\um\dbghelp.h(3190): warning C4091: 'typedef ': ignored on left of '' when no variable is declared (compiling source file MainDlg.cpp)
f:\Easy_Jtag_Manager\CrashRPT64\thirdparty\wtl\atlctrlx.h(3269): warning C4838: conversion from 'int' to 'UINT_PTR' requires a narrowing conversion (compiling source file MainDlg.cpp)
  f:\Easy_Jtag_Manager\CrashRPT64\thirdparty\wtl\atlctrlx.h(3266): note: while compiling class template member function 'void WTL::CSortListViewImpl<T>::NotifyParentSortChanged(int,int)'
          with
          [
              T=WTL::CSortListViewCtrl
          ] (compiling source file MainDlg.cpp)
  f:\Easy_Jtag_Manager\CrashRPT64\thirdparty\wtl\atlctrlx.h(3663): note: see reference to function template instantiation 'void WTL::CSortListViewImpl<T>::NotifyParentSortChanged(int,int)' being compiled
          with
          [
              T=WTL::CSortListViewCtrl
          ] (compiling source file MainDlg.cpp)
  f:\Easy_Jtag_Manager\CrashRPT64\thirdparty\wtl\atlctrlx.h(3700): note: see reference to class template instantiation 'WTL::CSortListViewImpl<T>' being compiled
          with
          [
              T=WTL::CSortListViewCtrl
          ] (compiling source file MainDlg.cpp)
  f:\Easy_Jtag_Manager\CrashRPT64\thirdparty\wtl\atlctrlx.h(3719): note: see reference to class template instantiation 'WTL::CSortListViewCtrlImpl<WTL::CSortListViewCtrl,WTL::CListViewCtrl,WTL::CSortListViewCtrlTraits>' being compiled (compiling source file MainDlg.cpp)
f:\Easy_Jtag_Manager\CrashRPT64\thirdparty\wtl\atlctrlx.h(1081): warning C4838: conversion from 'int' to 'UINT_PTR' requires a narrowing conversion (compiling source file MainDlg.cpp)
  f:\Easy_Jtag_Manager\CrashRPT64\thirdparty\wtl\atlctrlx.h(1076): note: while compiling class template member function 'bool WTL::CHyperLinkImpl<WTL::CHyperLink,ATL::CWindow,ATL::CControlWinTraits>::Navigate(void)' (compiling source file MainDlg.cpp)
  f:\Easy_Jtag_Manager\CrashRPT64\thirdparty\wtl\atlctrlx.h(1323): note: see reference to function template instantiation 'bool WTL::CHyperLinkImpl<WTL::CHyperLink,ATL::CWindow,ATL::CControlWinTraits>::Navigate(void)' being compiled (compiling source file MainDlg.cpp)
  f:\Easy_Jtag_Manager\CrashRPT64\thirdparty\wtl\atlctrlx.h(1820): note: see reference to class template instantiation 'WTL::CHyperLinkImpl<WTL::CHyperLink,ATL::CWindow,ATL::CControlWinTraits>' being compiled (compiling source file MainDlg.cpp)
f:\Easy_Jtag_Manager\CrashRPT64\thirdparty\wtl\atlctrlx.h(3269): warning C4838: conversion from 'int' to 'UINT_PTR' requires a narrowing conversion (compiling source file WTLDemo.cpp)
  f:\Easy_Jtag_Manager\CrashRPT64\thirdparty\wtl\atlctrlx.h(3266): note: while compiling class template member function 'void WTL::CSortListViewImpl<T>::NotifyParentSortChanged(int,int)'
          with
          [
              T=WTL::CSortListViewCtrl
          ] (compiling source file WTLDemo.cpp)
  f:\Easy_Jtag_Manager\CrashRPT64\thirdparty\wtl\atlctrlx.h(3663): note: see reference to function template instantiation 'void WTL::CSortListViewImpl<T>::NotifyParentSortChanged(int,int)' being compiled
          with
          [
              T=WTL::CSortListViewCtrl
          ] (compiling source file WTLDemo.cpp)
  f:\Easy_Jtag_Manager\CrashRPT64\thirdparty\wtl\atlctrlx.h(3700): note: see reference to class template instantiation 'WTL::CSortListViewImpl<T>' being compiled
          with
          [
              T=WTL::CSortListViewCtrl
          ] (compiling source file WTLDemo.cpp)
  f:\Easy_Jtag_Manager\CrashRPT64\thirdparty\wtl\atlctrlx.h(3719): note: see reference to class template instantiation 'WTL::CSortListViewCtrlImpl<WTL::CSortListViewCtrl,WTL::CListViewCtrl,WTL::CSortListViewCtrlTraits>' being compiled (compiling source file WTLDemo.cpp)
f:\Easy_Jtag_Manager\CrashRPT64\thirdparty\wtl\atlctrlx.h(1081): warning C4838: conversion from 'int' to 'UINT_PTR' requires a narrowing conversion (compiling source file WTLDemo.cpp)
  f:\Easy_Jtag_Manager\CrashRPT64\thirdparty\wtl\atlctrlx.h(1076): note: while compiling class template member function 'bool WTL::CHyperLinkImpl<WTL::CHyperLink,ATL::CWindow,ATL::CControlWinTraits>::Navigate(void)' (compiling source file WTLDemo.cpp)
  f:\Easy_Jtag_Manager\CrashRPT64\thirdparty\wtl\atlctrlx.h(1323): note: see reference to function template instantiation 'bool WTL::CHyperLinkImpl<WTL::CHyperLink,ATL::CWindow,ATL::CControlWinTraits>::Navigate(void)' being compiled (compiling source file WTLDemo.cpp)
  f:\Easy_Jtag_Manager\CrashRPT64\thirdparty\wtl\atlctrlx.h(1820): note: see reference to class template instantiation 'WTL::CHyperLinkImpl<WTL::CHyperLink,ATL::CWindow,ATL::CControlWinTraits>' being compiled (compiling source file WTLDemo.cpp)
  WTLDemo_vs2010.vcxproj -> F:\Easy_Jtag_Manager\CrashRPT64\\bin\x64\WTLDemod.exe
  WTLDemo_vs2010.vcxproj -> F:\Easy_Jtag_Manager\CrashRPT64\\bin\x64\WTLDemod.pdb (Full PDB)
  The system cannot find the path specified.
          1 file(s) copied.
          1 file(s) copied.
