f:\easy_jtag_manager\crashrpt64\demos\mfcdemo\debug\mfcdemod.pch
f:\easy_jtag_manager\crashrpt64\demos\mfcdemo\debug\vc140.pdb
f:\easy_jtag_manager\crashrpt64\demos\mfcdemo\debug\vc140.idb
f:\easy_jtag_manager\crashrpt64\demos\mfcdemo\debug\stdafx.obj
f:\easy_jtag_manager\crashrpt64\demos\mfcdemo\debug\childfrm.obj
f:\easy_jtag_manager\crashrpt64\demos\mfcdemo\debug\mainfrm.obj
f:\easy_jtag_manager\crashrpt64\demos\mfcdemo\debug\mfcdemo.obj
f:\easy_jtag_manager\crashrpt64\demos\mfcdemo\debug\mfcdemodoc.obj
f:\easy_jtag_manager\crashrpt64\demos\mfcdemo\debug\mfcdemoview.obj
f:\easy_jtag_manager\crashrpt64\bin\mfcdemod.ilk
f:\easy_jtag_manager\crashrpt64\bin\mfcdemod.exe
f:\easy_jtag_manager\crashrpt64\bin\mfcdemod.pdb
f:\easy_jtag_manager\crashrpt64\demos\mfcdemo\debug\mfcdemo.res
f:\easy_jtag_manager\crashrpt64\demos\mfcdemo\debug\mfcdemo.tlog\cl.command.1.tlog
f:\easy_jtag_manager\crashrpt64\demos\mfcdemo\debug\mfcdemo.tlog\cl.read.1.tlog
f:\easy_jtag_manager\crashrpt64\demos\mfcdemo\debug\mfcdemo.tlog\cl.write.1.tlog
f:\easy_jtag_manager\crashrpt64\demos\mfcdemo\debug\mfcdemo.tlog\link.command.1.tlog
f:\easy_jtag_manager\crashrpt64\demos\mfcdemo\debug\mfcdemo.tlog\link.read.1.tlog
f:\easy_jtag_manager\crashrpt64\demos\mfcdemo\debug\mfcdemo.tlog\link.write.1.tlog
f:\easy_jtag_manager\crashrpt64\demos\mfcdemo\debug\mfcdemo.tlog\rc.command.1.tlog
f:\easy_jtag_manager\crashrpt64\demos\mfcdemo\debug\mfcdemo.tlog\rc.read.1.tlog
f:\easy_jtag_manager\crashrpt64\demos\mfcdemo\debug\mfcdemo.tlog\rc.write.1.tlog
